e:\leventure\workshop\github\qapplicationframe\qapplicationframe\qapplicationframe\debug\moc_mainapplication.obj
e:\leventure\workshop\github\qapplicationframe\qapplicationframe\qapplicationframe\debug\moc_systeminfo.obj
e:\leventure\workshop\github\qapplicationframe\qapplicationframe\qapplicationframe\debug\moc_carclient.obj
e:\leventure\workshop\github\qapplicationframe\qapplicationframe\qapplicationframe\debug\main.obj
e:\leventure\workshop\github\qapplicationframe\qapplicationframe\qapplicationframe\debug\carclient.obj
e:\leventure\workshop\github\qapplicationframe\qapplicationframe\qapplicationframe\debug\tools_south.obj
e:\leventure\workshop\github\qapplicationframe\qapplicationframe\qapplicationframe\debug\systeminfo.obj
e:\leventure\workshop\github\qapplicationframe\qapplicationframe\qapplicationframe\debug\lgqdumper.obj
e:\leventure\workshop\github\qapplicationframe\qapplicationframe\qapplicationframe\debug\mainapplication.obj
e:\leventure\workshop\github\qapplicationframe\qapplicationframe\qapplicationframe\debug\vc142.pdb
e:\leventure\workshop\github\qapplicationframe\qapplicationframe\debug\qapplicationframe.exe
e:\leventure\workshop\github\qapplicationframe\qapplicationframe\debug\qapplicationframe.ilk
e:\leventure\workshop\github\qapplicationframe\qapplicationframe\debug\qapplicationframe.pdb
e:\leventure\workshop\github\qapplicationframe\qapplicationframe\qapplicationframe\debug\moc\moc_carclient.cpp
e:\leventure\workshop\github\qapplicationframe\qapplicationframe\qapplicationframe\debug\moc\moc_systeminfo.cpp
e:\leventure\workshop\github\qapplicationframe\qapplicationframe\qapplicationframe\debug\moc\moc_mainapplication.cpp
e:\leventure\workshop\github\qapplicationframe\qapplicationframe\qapplicationframe\debug\uic\ui_carclient.h
e:\leventure\workshop\github\qapplicationframe\qapplicationframe\qapplicationframe\debug\qapplica.b925622b.tlog\cl.13752.write.1.tlog
e:\leventure\workshop\github\qapplicationframe\qapplicationframe\qapplicationframe\debug\qapplica.b925622b.tlog\cl.command.1.tlog
e:\leventure\workshop\github\qapplicationframe\qapplicationframe\qapplicationframe\debug\qapplica.b925622b.tlog\cl.read.1.tlog
e:\leventure\workshop\github\qapplicationframe\qapplicationframe\qapplicationframe\debug\qapplica.b925622b.tlog\link.command.1.tlog
e:\leventure\workshop\github\qapplicationframe\qapplicationframe\qapplicationframe\debug\qapplica.b925622b.tlog\link.read.1.tlog
e:\leventure\workshop\github\qapplicationframe\qapplicationframe\qapplicationframe\debug\qapplica.b925622b.tlog\link.write.1.tlog
e:\leventure\workshop\github\qapplicationframe\qapplicationframe\qapplicationframe\debug\qapplica.b925622b.tlog\moc.read.1u.tlog
e:\leventure\workshop\github\qapplicationframe\qapplicationframe\qapplicationframe\debug\qapplica.b925622b.tlog\moc.write.1u.tlog
e:\leventure\workshop\github\qapplicationframe\qapplicationframe\qapplicationframe\debug\qapplica.b925622b.tlog\qapplicationframe.write.1u.tlog
e:\leventure\workshop\github\qapplicationframe\qapplicationframe\qapplicationframe\debug\qapplica.b925622b.tlog\uic.read.1u.tlog
e:\leventure\workshop\github\qapplicationframe\qapplicationframe\qapplicationframe\debug\qapplica.b925622b.tlog\uic.write.1u.tlog
