e:\leventure\workshop\github\qapplicationframe\qapplicationframe\qapplicationframe\release\main.obj
e:\leventure\workshop\github\qapplicationframe\qapplicationframe\qapplicationframe\release\carclient.obj
e:\leventure\workshop\github\qapplicationframe\qapplicationframe\qapplicationframe\release\systeminfo.obj
e:\leventure\workshop\github\qapplicationframe\qapplicationframe\qapplicationframe\release\lgqdumper.obj
e:\leventure\workshop\github\qapplicationframe\qapplicationframe\qapplicationframe\release\mainapplication.obj
e:\leventure\workshop\github\qapplicationframe\qapplicationframe\qapplicationframe\release\tools_south.obj
e:\leventure\workshop\github\qapplicationframe\qapplicationframe\qapplicationframe\release\vc142.pdb
e:\leventure\workshop\github\qapplicationframe\qapplicationframe\qapplicationframe\release\moc_mainapplication.obj
e:\leventure\workshop\github\qapplicationframe\qapplicationframe\qapplicationframe\release\moc_systeminfo.obj
e:\leventure\workshop\github\qapplicationframe\qapplicationframe\qapplicationframe\release\moc_carclient.obj
e:\leventure\workshop\github\qapplicationframe\qapplicationframe\release\qapplicationframe.ilk
e:\leventure\workshop\github\qapplicationframe\qapplicationframe\release\qapplicationframe.exe
e:\leventure\workshop\github\qapplicationframe\qapplicationframe\release\qapplicationframe.pdb
e:\leventure\workshop\github\qapplicationframe\qapplicationframe\qapplicationframe\release\moc\moc_carclient.cpp
e:\leventure\workshop\github\qapplicationframe\qapplicationframe\qapplicationframe\release\moc\moc_systeminfo.cpp
e:\leventure\workshop\github\qapplicationframe\qapplicationframe\qapplicationframe\release\moc\moc_mainapplication.cpp
e:\leventure\workshop\github\qapplicationframe\qapplicationframe\qapplicationframe\release\uic\ui_carclient.h
e:\leventure\workshop\github\qapplicationframe\qapplicationframe\qapplicationframe\release\qapplica.b925622b.tlog\cl.12240.write.1.tlog
e:\leventure\workshop\github\qapplicationframe\qapplicationframe\qapplicationframe\release\qapplica.b925622b.tlog\cl.command.1.tlog
e:\leventure\workshop\github\qapplicationframe\qapplicationframe\qapplicationframe\release\qapplica.b925622b.tlog\cl.read.1.tlog
e:\leventure\workshop\github\qapplicationframe\qapplicationframe\qapplicationframe\release\qapplica.b925622b.tlog\link.command.1.tlog
e:\leventure\workshop\github\qapplicationframe\qapplicationframe\qapplicationframe\release\qapplica.b925622b.tlog\link.read.1.tlog
e:\leventure\workshop\github\qapplicationframe\qapplicationframe\qapplicationframe\release\qapplica.b925622b.tlog\link.write.1.tlog
e:\leventure\workshop\github\qapplicationframe\qapplicationframe\qapplicationframe\release\qapplica.b925622b.tlog\moc.read.1u.tlog
e:\leventure\workshop\github\qapplicationframe\qapplicationframe\qapplicationframe\release\qapplica.b925622b.tlog\moc.write.1u.tlog
e:\leventure\workshop\github\qapplicationframe\qapplicationframe\qapplicationframe\release\qapplica.b925622b.tlog\qapplicationframe.write.1u.tlog
e:\leventure\workshop\github\qapplicationframe\qapplicationframe\qapplicationframe\release\qapplica.b925622b.tlog\uic.read.1u.tlog
e:\leventure\workshop\github\qapplicationframe\qapplicationframe\qapplicationframe\release\qapplica.b925622b.tlog\uic.write.1u.tlog
